<math xmlns="http://www.w3.org/1998/Math/MathML" >
<apply><list/>
  <semantics><mi>l</mi></semantics>
  <semantics>
      <apply> 
        <divide></divide> 
        <cn>1</cn> 
        <ci>x</ci>  
      </apply> 
    <annotation-xml encoding="MathML-Content">
    <mfrac>
      <mn>1</mn>
      <mi>x</mi>
    </mfrac> 
    </annotation-xml> 
    <annotation encoding="TeX">{1 \over x}</annotation> 
    <annotation encoding="image/png" href="clipboard2.png"></annotation> 
  </semantics>


</apply>



</math>