<math xmlns="http://www.w3.org/1998/Math/MathML">
 <mn fontsize="10pt">0</mn>
</math>
