<math xmlns="http://www.w3.org/1998/Math/MathML">
 <mstyle veryverythinmathspace="2pt" thickmathspace="1em" >
  <mi>x</mi>
  <mo>=</mo>
  <mn>2</mn>
 </mstyle>
</math>
