<math xmlns="http://www.w3.org/1998/Math/MathML">
<msup mathvariant="bold"><mn>1</mn><mi>x</mi></msup>
</math>
