<math xmlns="http://www.w3.org/1998/Math/MathML">
 <mrow>
  <mo maxsize="1em">(</mo>
  <mi mathsize="5pt">x</mi>
  <mo maxsize="infinity">)</mo>
 </mrow>
</math>
