<math xmlns="http://www.w3.org/1998/Math/MathML" >
 <mo lspace=".pt"/>
 <mo lspace="pt"/>
 <mpadded width=".pt"><mo>+</mo></mpadded>
 <mpadded width="pt"><mo>+</mo></mpadded>
</math>