<math xmlns="http://www.w3.org/1998/Math/MathML" >
 <mo lspace=".0pt"/>
 <mo lspace="0.pt"/>
 <mo lspace="0.0pt"/>
 <mo lspace="0pt"/>
 <mpadded width=".0pt"><mo>+</mo></mpadded>
 <mpadded width="0.pt"><mo>+</mo></mpadded>
 <mpadded width="0.0pt"><mo>+</mo></mpadded>
 <mpadded width="0pt"><mo>+</mo></mpadded>
</math>