<math xmlns="http://www.w3.org/1998/Math/MathML">
 <mrow>
  <mn id="kk" aria-label="this">1</mn>
  <mn aria-describedby="kk">2</mn>
 </mrow>
</math>
