<math xmlns="http://www.w3.org/1998/Math/MathML">
 <cn id="a" xref="a" class="a" style="a" href="#a">1</cn>
</math> 
