<!DOCTYPE math SYSTEM "../dtd/mathml4.dtd">
<math xmlns="http://www.w3.org/1998/Math/MathML">
<mrow> <mglyph/> <malignmark/></mrow>
</math>
