<math xmlns="http://www.w3.org/1998/Math/MathML" >

<mtable align="baseline -2">
<mtr>
<mtd>
</mtd>
</mtr>
</mtable>
</math>
