<math xmlns="http://www.w3.org/1998/Math/MathML" mode="inline" macros="data:,latex">
 <mn>0</mn>
</math>
