
<math xml:lang="en" dir="rtl" xml:space="preserve" mathcolor="blue"  alignmentscope="true" xmlns="http://www.w3.org/1998/Math/MathML" >

 <mfrac intent="divide($a,$b)">
  <apply arg="a"><sin/><ci>x</ci></apply>
  <apply arg="b"><cos/><ci>x</ci></apply>
 </mfrac>

 
</math>
