<math xmlns="http://www.w3.org/1998/Math/MathML">

 <apply>
  <csymbol cd="trig1">log</csymbol>
  <ci>x</ci>
 </apply>
 
</math>
