<math xmlns="http://www.w3.org/1998/Math/MathML">
 <mn mathsize="big">1</mn>
</math>
