<math xmlns="http://www.w3.org/1998/Math/MathML">
 <bind>
  <ci>x</ci>
  <bvar>
  <semantics>
   <ci xref="var-x">x</ci>
   <annotation></annotation>
  </semantics>
  </bvar>
 </bind>
 <mi>x</mi>
</math>
