<math xmlns="http://www.w3.org/1998/Math/MathML" >

<maction>
<mn>1</mn>
<mn>2</mn>
</maction>
</math>
