<math xmlns="http://www.w3.org/1998/Math/MathML">
 <mstack>
  <msline mslinethickness="thin"/>
 </mstack>
</math>
