<math xmlns="http://www.w3.org/1998/Math/MathML" >

  <semantics>
    <mfrac>
      <mn>1</mn>
      <mi>x</mi>
    </mfrac> 
    <annotation-xml encoding="text/xml">
     <zzzz xmlns=""/>
    </annotation-xml> 
  </semantics>


</math>