<math xmlns="http://www.w3.org/1998/Math/MathML" >

 <semantics definitionURL="http://example.com">
  <mi>x</mi>
 </semantics>
</math>

