<math xmlns="http://www.w3.org/1998/Math/MathML">
 <msub subscriptshift="5pt">
  <mi>x</mi>
  <mn>y</mn>
 </msub>
</math>
