<math xmlns="http://www.w3.org/1998/Math/MathML">
<mrow> <mi><mglyph/></mi> <malignmark/></mrow>
</math>
