<math xmlns="http://www.w3.org/1998/Math/MathML">
 <mi mathsize="3rem">x</mi>
 <mi mathsize="3Q">x</mi>
 <mi mathsize="6vh">x</mi>
 <mo maxsize="3in">(</mo>
 <mo maxsize="infinity">(</mo>
</math>
