<math xmlns="http://www.w3.org/1998/Math/MathML">
<mi><mglyph fontfamily="Times" index="65" mathvariant="bold"/></mi>
</math>
