<math xml:lang="en" xml:space="preserve" mathcolor="blue"  alignmentscope="true" xmlns="http://www.w3.org/1998/Math/MathML" >


<mtext><div xmlns="http://www.w3.org/1999/xhtml">hello <b>world</b></div></mtext>

</math>