<math xmlns="http://www.w3.org/1998/Math/MathML"
      alttext="x"
      >
 <ci>x</ci>
</math>
